<?xml version="1.0" encoding="UTF-8"?>
<testng-results ignored="0" total="1" passed="1" failed="0" skipped="0">
  <reporter-output>
  </reporter-output>
  <suite started-at="2023-01-14T17:57:25Z" name="Default suite" finished-at="2023-01-14T17:57:40Z" duration-ms="15508">
    <groups>
    </groups>
    <test started-at="2023-01-14T17:57:25Z" name="Default test" finished-at="2023-01-14T17:57:40Z" duration-ms="15508">
      <class name="com.google.qa.FirstTest">
        <test-method signature="f()[pri:0, instance:com.google.qa.FirstTest@1ab06251]" started-at="2023-01-14T17:57:25Z" name="f" finished-at="2023-01-14T17:57:40Z" duration-ms="15469" status="PASS">
          <reporter-output>
          </reporter-output>
        </test-method> <!-- f -->
      </class> <!-- com.google.qa.FirstTest -->
    </test> <!-- Default test -->
  </suite> <!-- Default suite -->
</testng-results>
